# JRE version: OpenJDK Runtime Environment Temurin-11.0.26+4 (11.0.26+4) (build 11.0.26+4)
# Java VM: OpenJDK 64-Bit Server VM Temurin-11.0.26+4 (11.0.26+4, mixed mode, tiered, compressed oops, g1 gc, windows-amd64)
Heap:
 garbage-first heap   total 258048K, used 183057K [0x0000000704000000, 0x0000000800000000)
  region size 1024K, 22 young (22528K), 4 survivors (4096K)
 Metaspace       used 20037K, capacity 20334K, committed 20608K, reserved 1069056K
  class space    used 1736K, capacity 1845K, committed 1920K, reserved 1048576K
GC Heap History (20 events):
Event: 9617.806 GC heap before
{Heap before GC invocations=299 (full 0):
 garbage-first heap   total 258048K, used 215290K [0x0000000704000000, 0x0000000800000000)
  region size 1024K, 12 young (12288K), 2 survivors (2048K)
 Metaspace       used 20037K, capacity 20334K, committed 20608K, reserved 1069056K
  class space    used 1736K, capacity 1845K, committed 1920K, reserved 1048576K
}
Event: 9617.813 GC heap after
{Heap after GC invocations=300 (full 0):
 garbage-first heap   total 258048K, used 210944K [0x0000000704000000, 0x0000000800000000)
  region size 1024K, 2 young (2048K), 2 survivors (2048K)
 Metaspace       used 20037K, capacity 20334K, committed 20608K, reserved 1069056K
  class space    used 1736K, capacity 1845K, committed 1920K, reserved 1048576K
}
Event: 9628.535 GC heap before
{Heap before GC invocations=300 (full 0):
 garbage-first heap   total 258048K, used 220160K [0x0000000704000000, 0x0000000800000000)
  region size 1024K, 12 young (12288K), 2 survivors (2048K)
 Metaspace       used 20037K, capacity 20334K, committed 20608K, reserved 1069056K
  class space    used 1736K, capacity 1845K, committed 1920K, reserved 1048576K
}
Event: 9628.538 GC heap after
{Heap after GC invocations=301 (full 0):
 garbage-first heap   total 258048K, used 216981K [0x0000000704000000, 0x0000000800000000)
  region size 1024K, 2 young (2048K), 2 survivors (2048K)
 Metaspace       used 20037K, capacity 20334K, committed 20608K, reserved 1069056K
  class space    used 1736K, capacity 1845K, committed 1920K, reserved 1048576K
}
Event: 9650.076 GC heap before
{Heap before GC invocations=301 (full 0):
 garbage-first heap   total 258048K, used 226197K [0x0000000704000000, 0x0000000800000000)
  region size 1024K, 12 young (12288K), 2 survivors (2048K)
 Metaspace       used 20037K, capacity 20334K, committed 20608K, reserved 1069056K
  class space    used 1736K, capacity 1845K, committed 1920K, reserved 1048576K
}
Event: 9650.083 GC heap after
{Heap after GC invocations=302 (full 0):
 garbage-first heap   total 258048K, used 221116K [0x0000000704000000, 0x0000000800000000)
  region size 1024K, 2 young (2048K), 2 survivors (2048K)
 Metaspace       used 20037K, capacity 20334K, committed 20608K, reserved 1069056K
  class space    used 1736K, capacity 1845K, committed 1920K, reserved 1048576K
}
Event: 9660.963 GC heap before
{Heap before GC invocations=303 (full 0):
 garbage-first heap   total 258048K, used 193468K [0x0000000704000000, 0x0000000800000000)
  region size 1024K, 12 young (12288K), 2 survivors (2048K)
 Metaspace       used 20037K, capacity 20334K, committed 20608K, reserved 1069056K
  class space    used 1736K, capacity 1845K, committed 1920K, reserved 1048576K
}
Event: 9660.969 GC heap after
{Heap after GC invocations=304 (full 0):
 garbage-first heap   total 258048K, used 189878K [0x0000000704000000, 0x0000000800000000)
  region size 1024K, 2 young (2048K), 2 survivors (2048K)
 Metaspace       used 20037K, capacity 20334K, committed 20608K, reserved 1069056K
  class space    used 1736K, capacity 1845K, committed 1920K, reserved 1048576K
}
Event: 9682.380 GC heap before
{Heap before GC invocations=304 (full 0):
 garbage-first heap   total 258048K, used 199094K [0x0000000704000000, 0x0000000800000000)
  region size 1024K, 12 young (12288K), 2 survivors (2048K)
 Metaspace       used 20037K, capacity 20334K, committed 20608K, reserved 1069056K
  class space    used 1736K, capacity 1845K, committed 1920K, reserved 1048576K
}
Event: 9682.387 GC heap after
{Heap after GC invocations=305 (full 0):
 garbage-first heap   total 258048K, used 169105K [0x0000000704000000, 0x0000000800000000)
  region size 1024K, 2 young (2048K), 2 survivors (2048K)
 Metaspace       used 20037K, capacity 20334K, committed 20608K, reserved 1069056K
  class space    used 1736K, capacity 1845K, committed 1920K, reserved 1048576K
}
Event: 9703.929 GC heap before
{Heap before GC invocations=305 (full 0):
 garbage-first heap   total 258048K, used 178321K [0x0000000704000000, 0x0000000800000000)
  region size 1024K, 12 young (12288K), 2 survivors (2048K)
 Metaspace       used 20037K, capacity 20334K, committed 20608K, reserved 1069056K
  class space    used 1736K, capacity 1845K, committed 1920K, reserved 1048576K
}
Event: 9703.938 GC heap after
{Heap after GC invocations=306 (full 0):
 garbage-first heap   total 258048K, used 152740K [0x0000000704000000, 0x0000000800000000)
  region size 1024K, 2 young (2048K), 2 survivors (2048K)
 Metaspace       used 20037K, capacity 20334K, committed 20608K, reserved 1069056K
  class space    used 1736K, capacity 1845K, committed 1920K, reserved 1048576K
}
Event: 9714.737 GC heap before
{Heap before GC invocations=306 (full 0):
 garbage-first heap   total 258048K, used 161956K [0x0000000704000000, 0x0000000800000000)
  region size 1024K, 12 young (12288K), 2 survivors (2048K)
 Metaspace       used 20037K, capacity 20334K, committed 20608K, reserved 1069056K
  class space    used 1736K, capacity 1845K, committed 1920K, reserved 1048576K
}
Event: 9714.748 GC heap after
{Heap after GC invocations=307 (full 0):
 garbage-first heap   total 258048K, used 141819K [0x0000000704000000, 0x0000000800000000)
  region size 1024K, 2 young (2048K), 2 survivors (2048K)
 Metaspace       used 20037K, capacity 20334K, committed 20608K, reserved 1069056K
  class space    used 1736K, capacity 1845K, committed 1920K, reserved 1048576K
}
Event: 9736.244 GC heap before
{Heap before GC invocations=307 (full 0):
 garbage-first heap   total 258048K, used 151035K [0x0000000704000000, 0x0000000800000000)
  region size 1024K, 12 young (12288K), 2 survivors (2048K)
 Metaspace       used 20037K, capacity 20334K, committed 20608K, reserved 1069056K
  class space    used 1736K, capacity 1845K, committed 1920K, reserved 1048576K
}
Event: 9736.268 GC heap after
{Heap after GC invocations=308 (full 0):
 garbage-first heap   total 258048K, used 136598K [0x0000000704000000, 0x0000000800000000)
  region size 1024K, 2 young (2048K), 2 survivors (2048K)
 Metaspace       used 20037K, capacity 20334K, committed 20608K, reserved 1069056K
  class space    used 1736K, capacity 1845K, committed 1920K, reserved 1048576K
}
Event: 9790.174 GC heap before
{Heap before GC invocations=308 (full 0):
 garbage-first heap   total 258048K, used 167318K [0x0000000704000000, 0x0000000800000000)
  region size 1024K, 33 young (33792K), 2 survivors (2048K)
 Metaspace       used 20037K, capacity 20334K, committed 20608K, reserved 1069056K
  class space    used 1736K, capacity 1845K, committed 1920K, reserved 1048576K
}
Event: 9790.192 GC heap after
{Heap after GC invocations=309 (full 0):
 garbage-first heap   total 258048K, used 153007K [0x0000000704000000, 0x0000000800000000)
  region size 1024K, 5 young (5120K), 5 survivors (5120K)
 Metaspace       used 20037K, capacity 20334K, committed 20608K, reserved 1069056K
  class space    used 1736K, capacity 1845K, committed 1920K, reserved 1048576K
}
Event: 9835.007 GC heap before
{Heap before GC invocations=309 (full 0):
 garbage-first heap   total 258048K, used 179631K [0x0000000704000000, 0x0000000800000000)
  region size 1024K, 32 young (32768K), 5 survivors (5120K)
 Metaspace       used 20037K, capacity 20334K, committed 20608K, reserved 1069056K
  class space    used 1736K, capacity 1845K, committed 1920K, reserved 1048576K
}
Event: 9835.022 GC heap after
{Heap after GC invocations=310 (full 0):
 garbage-first heap   total 258048K, used 166673K [0x0000000704000000, 0x0000000800000000)
  region size 1024K, 4 young (4096K), 4 survivors (4096K)
 Metaspace       used 20037K, capacity 20334K, committed 20608K, reserved 1069056K
  class space    used 1736K, capacity 1845K, committed 1920K, reserved 1048576K
}

